11:32:29 **** Incremental Build of configuration Debug for project Demonstrations ****
make all 
arm-none-eabi-gcc "C:/ST/workspace_1.8.0/Demonstrations/Src/main.c" -mcpu=cortex-m4 -std=gnu11 -g3 -DSTM32F407xx -DUSE_STM32F4_DISCO -DUSE_HAL_DRIVER -c -I../../../Inc -I../../../Drivers/CMSIS/Device/ST/STM32F4xx/Include -I../../../Drivers/STM32F4xx_HAL_Driver/Inc -I../../../Drivers/BSP/STM32F4-Discovery -I../../../Middlewares/ST/STM32_USB_Device_Library/Core/Inc -I../../../Middlewares/ST/STM32_USB_Device_Library/Class/HID/Inc -I../../../Drivers/CMSIS/Include -Os -ffunction-sections -Wall -fstack-usage -MMD -MP -MF"Src/main.d" -MT"Src/main.o" --specs=nano.specs -mfpu=fpv4-sp-d16 -mfloat-abi=hard -mthumb -o "Src/main.o"
arm-none-eabi-gcc "C:/ST/workspace_1.8.0/Demonstrations/Src/stm32f4xx_hal_msp.c" -mcpu=cortex-m4 -std=gnu11 -g3 -DSTM32F407xx -DUSE_STM32F4_DISCO -DUSE_HAL_DRIVER -c -I../../../Inc -I../../../Drivers/CMSIS/Device/ST/STM32F4xx/Include -I../../../Drivers/STM32F4xx_HAL_Driver/Inc -I../../../Drivers/BSP/STM32F4-Discovery -I../../../Middlewares/ST/STM32_USB_Device_Library/Core/Inc -I../../../Middlewares/ST/STM32_USB_Device_Library/Class/HID/Inc -I../../../Drivers/CMSIS/Include -Os -ffunction-sections -Wall -fstack-usage -MMD -MP -MF"Src/stm32f4xx_hal_msp.d" -MT"Src/stm32f4xx_hal_msp.o" --specs=nano.specs -mfpu=fpv4-sp-d16 -mfloat-abi=hard -mthumb -o "Src/stm32f4xx_hal_msp.o"
arm-none-eabi-gcc "C:/ST/workspace_1.8.0/Demonstrations/Src/stm32f4xx_it.c" -mcpu=cortex-m4 -std=gnu11 -g3 -DSTM32F407xx -DUSE_STM32F4_DISCO -DUSE_HAL_DRIVER -c -I../../../Inc -I../../../Drivers/CMSIS/Device/ST/STM32F4xx/Include -I../../../Drivers/STM32F4xx_HAL_Driver/Inc -I../../../Drivers/BSP/STM32F4-Discovery -I../../../Middlewares/ST/STM32_USB_Device_Library/Core/Inc -I../../../Middlewares/ST/STM32_USB_Device_Library/Class/HID/Inc -I../../../Drivers/CMSIS/Include -Os -ffunction-sections -Wall -fstack-usage -MMD -MP -MF"Src/stm32f4xx_it.d" -MT"Src/stm32f4xx_it.o" --specs=nano.specs -mfpu=fpv4-sp-d16 -mfloat-abi=hard -mthumb -o "Src/stm32f4xx_it.o"
arm-none-eabi-gcc "C:/ST/workspace_1.8.0/Demonstrations/Src/system_stm32f4xx.c" -mcpu=cortex-m4 -std=gnu11 -g3 -DSTM32F407xx -DUSE_STM32F4_DISCO -DUSE_HAL_DRIVER -c -I../../../Inc -I../../../Drivers/CMSIS/Device/ST/STM32F4xx/Include -I../../../Drivers/STM32F4xx_HAL_Driver/Inc -I../../../Drivers/BSP/STM32F4-Discovery -I../../../Middlewares/ST/STM32_USB_Device_Library/Core/Inc -I../../../Middlewares/ST/STM32_USB_Device_Library/Class/HID/Inc -I../../../Drivers/CMSIS/Include -Os -ffunction-sections -Wall -fstack-usage -MMD -MP -MF"Src/system_stm32f4xx.d" -MT"Src/system_stm32f4xx.o" --specs=nano.specs -mfpu=fpv4-sp-d16 -mfloat-abi=hard -mthumb -o "Src/system_stm32f4xx.o"
arm-none-eabi-gcc "C:/ST/workspace_1.8.0/Demonstrations/Src/usbd_conf.c" -mcpu=cortex-m4 -std=gnu11 -g3 -DSTM32F407xx -DUSE_STM32F4_DISCO -DUSE_HAL_DRIVER -c -I../../../Inc -I../../../Drivers/CMSIS/Device/ST/STM32F4xx/Include -I../../../Drivers/STM32F4xx_HAL_Driver/Inc -I../../../Drivers/BSP/STM32F4-Discovery -I../../../Middlewares/ST/STM32_USB_Device_Library/Core/Inc -I../../../Middlewares/ST/STM32_USB_Device_Library/Class/HID/Inc -I../../../Drivers/CMSIS/Include -Os -ffunction-sections -Wall -fstack-usage -MMD -MP -MF"Src/usbd_conf.d" -MT"Src/usbd_conf.o" --specs=nano.specs -mfpu=fpv4-sp-d16 -mfloat-abi=hard -mthumb -o "Src/usbd_conf.o"
arm-none-eabi-gcc "C:/ST/workspace_1.8.0/Demonstrations/Src/usbd_desc.c" -mcpu=cortex-m4 -std=gnu11 -g3 -DSTM32F407xx -DUSE_STM32F4_DISCO -DUSE_HAL_DRIVER -c -I../../../Inc -I../../../Drivers/CMSIS/Device/ST/STM32F4xx/Include -I../../../Drivers/STM32F4xx_HAL_Driver/Inc -I../../../Drivers/BSP/STM32F4-Discovery -I../../../Middlewares/ST/STM32_USB_Device_Library/Core/Inc -I../../../Middlewares/ST/STM32_USB_Device_Library/Class/HID/Inc -I../../../Drivers/CMSIS/Include -Os -ffunction-sections -Wall -fstack-usage -MMD -MP -MF"Src/usbd_desc.d" -MT"Src/usbd_desc.o" --specs=nano.specs -mfpu=fpv4-sp-d16 -mfloat-abi=hard -mthumb -o "Src/usbd_desc.o"
arm-none-eabi-gcc "C:/ST/workspace_1.8.0/Demonstrations/Src/system_stm32f4xx.c" -mcpu=cortex-m4 -std=gnu11 -g3 -DSTM32F407xx -DUSE_STM32F4_DISCO -DUSE_HAL_DRIVER -c -I../../../Inc -I../../../Drivers/CMSIS/Device/ST/STM32F4xx/Include -I../../../Drivers/STM32F4xx_HAL_Driver/Inc -I../../../Drivers/BSP/STM32F4-Discovery -I../../../Middlewares/ST/STM32_USB_Device_Library/Core/Inc -I../../../Middlewares/ST/STM32_USB_Device_Library/Class/HID/Inc -I../../../Drivers/CMSIS/Include -Os -ffunction-sections -Wall -fstack-usage -MMD -MP -MF"Drivers/CMSIS/system_stm32f4xx.d" -MT"Drivers/CMSIS/system_stm32f4xx.o" --specs=nano.specs -mfpu=fpv4-sp-d16 -mfloat-abi=hard -mthumb -o "Drivers/CMSIS/system_stm32f4xx.o"
arm-none-eabi-gcc "C:/ST/workspace_1.8.0/Demonstrations/Src/main.c" -mcpu=cortex-m4 -std=gnu11 -g3 -DSTM32F407xx -DUSE_STM32F4_DISCO -DUSE_HAL_DRIVER -c -I../../../Inc -I../../../Drivers/CMSIS/Device/ST/STM32F4xx/Include -I../../../Drivers/STM32F4xx_HAL_Driver/Inc -I../../../Drivers/BSP/STM32F4-Discovery -I../../../Middlewares/ST/STM32_USB_Device_Library/Core/Inc -I../../../Middlewares/ST/STM32_USB_Device_Library/Class/HID/Inc -I../../../Drivers/CMSIS/Include -Os -ffunction-sections -Wall -fstack-usage -MMD -MP -MF"Application/User/main.d" -MT"Application/User/main.o" --specs=nano.specs -mfpu=fpv4-sp-d16 -mfloat-abi=hard -mthumb -o "Application/User/main.o"
arm-none-eabi-gcc "C:/ST/workspace_1.8.0/Demonstrations/Src/stm32f4xx_hal_msp.c" -mcpu=cortex-m4 -std=gnu11 -g3 -DSTM32F407xx -DUSE_STM32F4_DISCO -DUSE_HAL_DRIVER -c -I../../../Inc -I../../../Drivers/CMSIS/Device/ST/STM32F4xx/Include -I../../../Drivers/STM32F4xx_HAL_Driver/Inc -I../../../Drivers/BSP/STM32F4-Discovery -I../../../Middlewares/ST/STM32_USB_Device_Library/Core/Inc -I../../../Middlewares/ST/STM32_USB_Device_Library/Class/HID/Inc -I../../../Drivers/CMSIS/Include -Os -ffunction-sections -Wall -fstack-usage -MMD -MP -MF"Application/User/stm32f4xx_hal_msp.d" -MT"Application/User/stm32f4xx_hal_msp.o" --specs=nano.specs -mfpu=fpv4-sp-d16 -mfloat-abi=hard -mthumb -o "Application/User/stm32f4xx_hal_msp.o"
arm-none-eabi-gcc "C:/ST/workspace_1.8.0/Demonstrations/Src/stm32f4xx_it.c" -mcpu=cortex-m4 -std=gnu11 -g3 -DSTM32F407xx -DUSE_STM32F4_DISCO -DUSE_HAL_DRIVER -c -I../../../Inc -I../../../Drivers/CMSIS/Device/ST/STM32F4xx/Include -I../../../Drivers/STM32F4xx_HAL_Driver/Inc -I../../../Drivers/BSP/STM32F4-Discovery -I../../../Middlewares/ST/STM32_USB_Device_Library/Core/Inc -I../../../Middlewares/ST/STM32_USB_Device_Library/Class/HID/Inc -I../../../Drivers/CMSIS/Include -Os -ffunction-sections -Wall -fstack-usage -MMD -MP -MF"Application/User/stm32f4xx_it.d" -MT"Application/User/stm32f4xx_it.o" --specs=nano.specs -mfpu=fpv4-sp-d16 -mfloat-abi=hard -mthumb -o "Application/User/stm32f4xx_it.o"
arm-none-eabi-gcc "C:/ST/workspace_1.8.0/Demonstrations/Src/usbd_conf.c" -mcpu=cortex-m4 -std=gnu11 -g3 -DSTM32F407xx -DUSE_STM32F4_DISCO -DUSE_HAL_DRIVER -c -I../../../Inc -I../../../Drivers/CMSIS/Device/ST/STM32F4xx/Include -I../../../Drivers/STM32F4xx_HAL_Driver/Inc -I../../../Drivers/BSP/STM32F4-Discovery -I../../../Middlewares/ST/STM32_USB_Device_Library/Core/Inc -I../../../Middlewares/ST/STM32_USB_Device_Library/Class/HID/Inc -I../../../Drivers/CMSIS/Include -Os -ffunction-sections -Wall -fstack-usage -MMD -MP -MF"Application/User/usbd_conf.d" -MT"Application/User/usbd_conf.o" --specs=nano.specs -mfpu=fpv4-sp-d16 -mfloat-abi=hard -mthumb -o "Application/User/usbd_conf.o"
arm-none-eabi-gcc "C:/ST/workspace_1.8.0/Demonstrations/Src/usbd_desc.c" -mcpu=cortex-m4 -std=gnu11 -g3 -DSTM32F407xx -DUSE_STM32F4_DISCO -DUSE_HAL_DRIVER -c -I../../../Inc -I../../../Drivers/CMSIS/Device/ST/STM32F4xx/Include -I../../../Drivers/STM32F4xx_HAL_Driver/Inc -I../../../Drivers/BSP/STM32F4-Discovery -I../../../Middlewares/ST/STM32_USB_Device_Library/Core/Inc -I../../../Middlewares/ST/STM32_USB_Device_Library/Class/HID/Inc -I../../../Drivers/CMSIS/Include -Os -ffunction-sections -Wall -fstack-usage -MMD -MP -MF"Application/User/usbd_desc.d" -MT"Application/User/usbd_desc.o" --specs=nano.specs -mfpu=fpv4-sp-d16 -mfloat-abi=hard -mthumb -o "Application/User/usbd_desc.o"
arm-none-eabi-gcc -o "Demonstrations.elf" @"objects.list"   -mcpu=cortex-m4 -T"../STM32F407VGTx_FLASH.ld" --specs=nosys.specs -Wl,-Map="Demonstrations.map" -Wl,--gc-sections -static --specs=nano.specs -mfpu=fpv4-sp-d16 -mfloat-abi=hard -mthumb -Wl,--start-group -lc -lm -Wl,--end-group
c:\st\stm32cubeide_1.8.0\stm32cubeide\plugins\com.st.stm32cube.ide.mcu.externaltools.gnu-tools-for-stm32.9-2020-q2-update.win32_2.0.0.202105311346\tools\arm-none-eabi\bin\ld.exe: ./Src/main.o: in function `main':
C:/ST/workspace_1.8.0/Demonstrations/Src/main.c:85: multiple definition of `main'; ./Application/User/main.o:C:/ST/workspace_1.8.0/Demonstrations/Src/main.c:85: first defined here
c:\st\stm32cubeide_1.8.0\stm32cubeide\plugins\com.st.stm32cube.ide.mcu.externaltools.gnu-tools-for-stm32.9-2020-q2-update.win32_2.0.0.202105311346\tools\arm-none-eabi\bin\ld.exe: ./Src/main.o: in function `HAL_SYSTICK_Callback':
C:/ST/workspace_1.8.0/Demonstrations/Src/main.c:325: multiple definition of `HAL_SYSTICK_Callback'; ./Application/User/main.o:C:/ST/workspace_1.8.0/Demonstrations/Src/main.c:325: first defined here
c:\st\stm32cubeide_1.8.0\stm32cubeide\plugins\com.st.stm32cube.ide.mcu.externaltools.gnu-tools-for-stm32.9-2020-q2-update.win32_2.0.0.202105311346\tools\arm-none-eabi\bin\ld.exe: ./Src/main.o: in function `HAL_GPIO_EXTI_Callback':
C:/ST/workspace_1.8.0/Demonstrations/Src/main.c:444: multiple definition of `HAL_GPIO_EXTI_Callback'; ./Application/User/main.o:C:/ST/workspace_1.8.0/Demonstrations/Src/main.c:444: first defined here
c:\st\stm32cubeide_1.8.0\stm32cubeide\plugins\com.st.stm32cube.ide.mcu.externaltools.gnu-tools-for-stm32.9-2020-q2-update.win32_2.0.0.202105311346\tools\arm-none-eabi\bin\ld.exe: ./Src/main.o:C:/ST/workspace_1.8.0/Demonstrations/Src/main.c:67: multiple definition of `MaxAcceleration'; ./Application/User/main.o:C:/ST/workspace_1.8.0/Demonstrations/Src/main.c:67: first defined here
c:\st\stm32cubeide_1.8.0\stm32cubeide\plugins\com.st.stm32cube.ide.mcu.externaltools.gnu-tools-for-stm32.9-2020-q2-update.win32_2.0.0.202105311346\tools\arm-none-eabi\bin\ld.exe: ./Src/main.o:C:/ST/workspace_1.8.0/Demonstrations/Src/main.c:66: multiple definition of `Counter'; ./Application/User/main.o:C:/ST/workspace_1.8.0/Demonstrations/Src/main.c:66: first defined here
c:\st\stm32cubeide_1.8.0\stm32cubeide\plugins\com.st.stm32cube.ide.mcu.externaltools.gnu-tools-for-stm32.9-2020-q2-update.win32_2.0.0.202105311346\tools\arm-none-eabi\bin\ld.exe: ./Src/main.o:C:/ST/workspace_1.8.0/Demonstrations/Src/main.c:61: multiple definition of `PrescalerValue'; ./Application/User/main.o:C:/ST/workspace_1.8.0/Demonstrations/Src/main.c:61: first defined here
c:\st\stm32cubeide_1.8.0\stm32cubeide\plugins\com.st.stm32cube.ide.mcu.externaltools.gnu-tools-for-stm32.9-2020-q2-update.win32_2.0.0.202105311346\tools\arm-none-eabi\bin\ld.exe: ./Src/main.o:C:/ST/workspace_1.8.0/Demonstrations/Src/main.c:48: multiple definition of `DemoEnterCondition'; ./Application/User/main.o:C:/ST/workspace_1.8.0/Demonstrations/Src/main.c:48: first defined here
c:\st\stm32cubeide_1.8.0\stm32cubeide\plugins\com.st.stm32cube.ide.mcu.externaltools.gnu-tools-for-stm32.9-2020-q2-update.win32_2.0.0.202105311346\tools\arm-none-eabi\bin\ld.exe: ./Src/main.o:C:/ST/workspace_1.8.0/Demonstrations/Src/main.c:47: multiple definition of `UserButtonPressed'; ./Application/User/main.o:C:/ST/workspace_1.8.0/Demonstrations/Src/main.c:47: first defined here
c:\st\stm32cubeide_1.8.0\stm32cubeide\plugins\com.st.stm32cube.ide.mcu.externaltools.gnu-tools-for-stm32.9-2020-q2-update.win32_2.0.0.202105311346\tools\arm-none-eabi\bin\ld.exe: ./Src/stm32f4xx_hal_msp.o: in function `HAL_TIM_PWM_MspInit':
C:/ST/workspace_1.8.0/Demonstrations/Src/stm32f4xx_hal_msp.c:49: multiple definition of `HAL_TIM_PWM_MspInit'; ./Application/User/stm32f4xx_hal_msp.o:C:/ST/workspace_1.8.0/Demonstrations/Src/stm32f4xx_hal_msp.c:49: first defined here
c:\st\stm32cubeide_1.8.0\stm32cubeide\plugins\com.st.stm32cube.ide.mcu.externaltools.gnu-tools-for-stm32.9-2020-q2-update.win32_2.0.0.202105311346\tools\arm-none-eabi\bin\ld.exe: ./Src/stm32f4xx_hal_msp.o: in function `HAL_TIM_PWM_MspDeInit':
C:/ST/workspace_1.8.0/Demonstrations/Src/stm32f4xx_hal_msp.c:76: multiple definition of `HAL_TIM_PWM_MspDeInit'; ./Application/User/stm32f4xx_hal_msp.o:C:/ST/workspace_1.8.0/Demonstrations/Src/stm32f4xx_hal_msp.c:76: first defined here
c:\st\stm32cubeide_1.8.0\stm32cubeide\plugins\com.st.stm32cube.ide.mcu.externaltools.gnu-tools-for-stm32.9-2020-q2-update.win32_2.0.0.202105311346\tools\arm-none-eabi\bin\ld.exe: ./Src/stm32f4xx_it.o: in function `NMI_Handler':
C:/ST/workspace_1.8.0/Demonstrations/Src/stm32f4xx_it.c:53: multiple definition of `NMI_Handler'; ./Application/User/stm32f4xx_it.o:C:/ST/workspace_1.8.0/Demonstrations/Src/stm32f4xx_it.c:53: first defined here
c:\st\stm32cubeide_1.8.0\stm32cubeide\plugins\com.st.stm32cube.ide.mcu.externaltools.gnu-tools-for-stm32.9-2020-q2-update.win32_2.0.0.202105311346\tools\arm-none-eabi\bin\ld.exe: ./Src/stm32f4xx_it.o: in function `HardFault_Handler':
C:/ST/workspace_1.8.0/Demonstrations/Src/stm32f4xx_it.c:63: multiple definition of `HardFault_Handler'; ./Application/User/stm32f4xx_it.o:C:/ST/workspace_1.8.0/Demonstrations/Src/stm32f4xx_it.c:63: first defined here
c:\st\stm32cubeide_1.8.0\stm32cubeide\plugins\com.st.stm32cube.ide.mcu.externaltools.gnu-tools-for-stm32.9-2020-q2-update.win32_2.0.0.202105311346\tools\arm-none-eabi\bin\ld.exe: ./Src/stm32f4xx_it.o: in function `MemManage_Handler':
C:/ST/workspace_1.8.0/Demonstrations/Src/stm32f4xx_it.c:76: multiple definition of `MemManage_Handler'; ./Application/User/stm32f4xx_it.o:C:/ST/workspace_1.8.0/Demonstrations/Src/stm32f4xx_it.c:76: first defined here
c:\st\stm32cubeide_1.8.0\stm32cubeide\plugins\com.st.stm32cube.ide.mcu.externaltools.gnu-tools-for-stm32.9-2020-q2-update.win32_2.0.0.202105311346\tools\arm-none-eabi\bin\ld.exe: ./Src/stm32f4xx_it.o: in function `BusFault_Handler':
C:/ST/workspace_1.8.0/Demonstrations/Src/stm32f4xx_it.c:89: multiple definition of `BusFault_Handler'; ./Application/User/stm32f4xx_it.o:C:/ST/workspace_1.8.0/Demonstrations/Src/stm32f4xx_it.c:89: first defined here
c:\st\stm32cubeide_1.8.0\stm32cubeide\plugins\com.st.stm32cube.ide.mcu.externaltools.gnu-tools-for-stm32.9-2020-q2-update.win32_2.0.0.202105311346\tools\arm-none-eabi\bin\ld.exe: ./Src/stm32f4xx_it.o: in function `UsageFault_Handler':
C:/ST/workspace_1.8.0/Demonstrations/Src/stm32f4xx_it.c:102: multiple definition of `UsageFault_Handler'; ./Application/User/stm32f4xx_it.o:C:/ST/workspace_1.8.0/Demonstrations/Src/stm32f4xx_it.c:102: first defined here
c:\st\stm32cubeide_1.8.0\stm32cubeide\plugins\com.st.stm32cube.ide.mcu.externaltools.gnu-tools-for-stm32.9-2020-q2-update.win32_2.0.0.202105311346\tools\arm-none-eabi\bin\ld.exe: ./Src/stm32f4xx_it.o: in function `SVC_Handler':
stm32f4xx_it.c:(.text.SVC_Handler+0x0): multiple definition of `SVC_Handler'; ./Application/User/stm32f4xx_it.o:stm32f4xx_it.c:(.text.SVC_Handler+0x0): first defined here
c:\st\stm32cubeide_1.8.0\stm32cubeide\plugins\com.st.stm32cube.ide.mcu.externaltools.gnu-tools-for-stm32.9-2020-q2-update.win32_2.0.0.202105311346\tools\arm-none-eabi\bin\ld.exe: ./Src/stm32f4xx_it.o: in function `DebugMon_Handler':
stm32f4xx_it.c:(.text.DebugMon_Handler+0x0): multiple definition of `DebugMon_Handler'; ./Application/User/stm32f4xx_it.o:stm32f4xx_it.c:(.text.DebugMon_Handler+0x0): first defined here
c:\st\stm32cubeide_1.8.0\stm32cubeide\plugins\com.st.stm32cube.ide.mcu.externaltools.gnu-tools-for-stm32.9-2020-q2-update.win32_2.0.0.202105311346\tools\arm-none-eabi\bin\ld.exe: ./Src/stm32f4xx_it.o: in function `PendSV_Handler':
stm32f4xx_it.c:(.text.PendSV_Handler+0x0): multiple definition of `PendSV_Handler'; ./Application/User/stm32f4xx_it.o:stm32f4xx_it.c:(.text.PendSV_Handler+0x0): first defined here
c:\st\stm32cubeide_1.8.0\stm32cubeide\plugins\com.st.stm32cube.ide.mcu.externaltools.gnu-tools-for-stm32.9-2020-q2-update.win32_2.0.0.202105311346\tools\arm-none-eabi\bin\ld.exe: ./Src/stm32f4xx_it.o: in function `SysTick_Handler':
C:/ST/workspace_1.8.0/Demonstrations/Src/stm32f4xx_it.c:140: multiple definition of `SysTick_Handler'; ./Application/User/stm32f4xx_it.o:C:/ST/workspace_1.8.0/Demonstrations/Src/stm32f4xx_it.c:140: first defined here
c:\st\stm32cubeide_1.8.0\stm32cubeide\plugins\com.st.stm32cube.ide.mcu.externaltools.gnu-tools-for-stm32.9-2020-q2-update.win32_2.0.0.202105311346\tools\arm-none-eabi\bin\ld.exe: ./Src/stm32f4xx_it.o: in function `EXTI0_IRQHandler':
C:/ST/workspace_1.8.0/Demonstrations/Src/stm32f4xx_it.c:162: multiple definition of `EXTI0_IRQHandler'; ./Application/User/stm32f4xx_it.o:C:/ST/workspace_1.8.0/Demonstrations/Src/stm32f4xx_it.c:162: first defined here
c:\st\stm32cubeide_1.8.0\stm32cubeide\plugins\com.st.stm32cube.ide.mcu.externaltools.gnu-tools-for-stm32.9-2020-q2-update.win32_2.0.0.202105311346\tools\arm-none-eabi\bin\ld.exe: ./Src/stm32f4xx_it.o: in function `OTG_FS_IRQHandler':
C:/ST/workspace_1.8.0/Demonstrations/Src/stm32f4xx_it.c:174: multiple definition of `OTG_FS_IRQHandler'; ./Application/User/stm32f4xx_it.o:C:/ST/workspace_1.8.0/Demonstrations/Src/stm32f4xx_it.c:174: first defined here
c:\st\stm32cubeide_1.8.0\stm32cubeide\plugins\com.st.stm32cube.ide.mcu.externaltools.gnu-tools-for-stm32.9-2020-q2-update.win32_2.0.0.202105311346\tools\arm-none-eabi\bin\ld.exe: ./Src/system_stm32f4xx.o: in function `SystemInit':
C:/ST/workspace_1.8.0/Demonstrations/Src/system_stm32f4xx.c:136: multiple definition of `SystemInit'; ./Drivers/CMSIS/system_stm32f4xx.o:C:/ST/workspace_1.8.0/Demonstrations/Src/system_stm32f4xx.c:136: first defined here
c:\st\stm32cubeide_1.8.0\stm32cubeide\plugins\com.st.stm32cube.ide.mcu.externaltools.gnu-tools-for-stm32.9-2020-q2-update.win32_2.0.0.202105311346\tools\arm-none-eabi\bin\ld.exe: ./Src/system_stm32f4xx.o: in function `SystemCoreClockUpdate':
C:/ST/workspace_1.8.0/Demonstrations/Src/system_stm32f4xx.c:206: multiple definition of `SystemCoreClockUpdate'; ./Drivers/CMSIS/system_stm32f4xx.o:C:/ST/workspace_1.8.0/Demonstrations/Src/system_stm32f4xx.c:206: first defined here
c:\st\stm32cubeide_1.8.0\stm32cubeide\plugins\com.st.stm32cube.ide.mcu.externaltools.gnu-tools-for-stm32.9-2020-q2-update.win32_2.0.0.202105311346\tools\arm-none-eabi\bin\ld.exe: ./Src/system_stm32f4xx.o:(.rodata+0x10): multiple definition of `APBPrescTable'; ./Drivers/CMSIS/system_stm32f4xx.o:(.rodata+0x10): first defined here
c:\st\stm32cubeide_1.8.0\stm32cubeide\plugins\com.st.stm32cube.ide.mcu.externaltools.gnu-tools-for-stm32.9-2020-q2-update.win32_2.0.0.202105311346\tools\arm-none-eabi\bin\ld.exe: ./Src/system_stm32f4xx.o:(.rodata+0x0): multiple definition of `AHBPrescTable'; ./Drivers/CMSIS/system_stm32f4xx.o:(.rodata+0x0): first defined here
c:\st\stm32cubeide_1.8.0\stm32cubeide\plugins\com.st.stm32cube.ide.mcu.externaltools.gnu-tools-for-stm32.9-2020-q2-update.win32_2.0.0.202105311346\tools\arm-none-eabi\bin\ld.exe: ./Src/system_stm32f4xx.o:C:/ST/workspace_1.8.0/Demonstrations/SW4STM32/STM32F4-DISCO/Debug/../../../Drivers/CMSIS/Device/ST/STM32F4xx/Include/system_stm32f4xx.h:74: multiple definition of `SystemCoreClock'; ./Drivers/CMSIS/system_stm32f4xx.o:C:/ST/workspace_1.8.0/Demonstrations/SW4STM32/STM32F4-DISCO/Debug/../../../Drivers/CMSIS/Device/ST/STM32F4xx/Include/system_stm32f4xx.h:74: first defined here
c:\st\stm32cubeide_1.8.0\stm32cubeide\plugins\com.st.stm32cube.ide.mcu.externaltools.gnu-tools-for-stm32.9-2020-q2-update.win32_2.0.0.202105311346\tools\arm-none-eabi\bin\ld.exe: ./Src/usbd_conf.o: in function `HAL_PCD_MspInit':
C:/ST/workspace_1.8.0/Demonstrations/Src/usbd_conf.c:35: multiple definition of `HAL_PCD_MspInit'; ./Application/User/usbd_conf.o:C:/ST/workspace_1.8.0/Demonstrations/Src/usbd_conf.c:35: first defined here
c:\st\stm32cubeide_1.8.0\stm32cubeide\plugins\com.st.stm32cube.ide.mcu.externaltools.gnu-tools-for-stm32.9-2020-q2-update.win32_2.0.0.202105311346\tools\arm-none-eabi\bin\ld.exe: ./Src/usbd_conf.o: in function `HAL_PCD_MspDeInit':
C:/ST/workspace_1.8.0/Demonstrations/Src/usbd_conf.c:84: multiple definition of `HAL_PCD_MspDeInit'; ./Application/User/usbd_conf.o:C:/ST/workspace_1.8.0/Demonstrations/Src/usbd_conf.c:84: first defined here
c:\st\stm32cubeide_1.8.0\stm32cubeide\plugins\com.st.stm32cube.ide.mcu.externaltools.gnu-tools-for-stm32.9-2020-q2-update.win32_2.0.0.202105311346\tools\arm-none-eabi\bin\ld.exe: ./Src/usbd_conf.o: in function `HAL_PCD_SetupStageCallback':
C:/ST/workspace_1.8.0/Demonstrations/Src/usbd_conf.c:103: multiple definition of `HAL_PCD_SetupStageCallback'; ./Application/User/usbd_conf.o:C:/ST/workspace_1.8.0/Demonstrations/Src/usbd_conf.c:103: first defined here
c:\st\stm32cubeide_1.8.0\stm32cubeide\plugins\com.st.stm32cube.ide.mcu.externaltools.gnu-tools-for-stm32.9-2020-q2-update.win32_2.0.0.202105311346\tools\arm-none-eabi\bin\ld.exe: ./Src/usbd_conf.o: in function `HAL_PCD_DataOutStageCallback':
C:/ST/workspace_1.8.0/Demonstrations/Src/usbd_conf.c:113: multiple definition of `HAL_PCD_DataOutStageCallback'; ./Application/User/usbd_conf.o:C:/ST/workspace_1.8.0/Demonstrations/Src/usbd_conf.c:113: first defined here
c:\st\stm32cubeide_1.8.0\stm32cubeide\plugins\com.st.stm32cube.ide.mcu.externaltools.gnu-tools-for-stm32.9-2020-q2-update.win32_2.0.0.202105311346\tools\arm-none-eabi\bin\ld.exe: ./Src/usbd_conf.o: in function `HAL_PCD_DataInStageCallback':
C:/ST/workspace_1.8.0/Demonstrations/Src/usbd_conf.c:123: multiple definition of `HAL_PCD_DataInStageCallback'; ./Application/User/usbd_conf.o:C:/ST/workspace_1.8.0/Demonstrations/Src/usbd_conf.c:123: first defined here
c:\st\stm32cubeide_1.8.0\stm32cubeide\plugins\com.st.stm32cube.ide.mcu.externaltools.gnu-tools-for-stm32.9-2020-q2-update.win32_2.0.0.202105311346\tools\arm-none-eabi\bin\ld.exe: ./Src/usbd_conf.o: in function `HAL_PCD_SOFCallback':
C:/ST/workspace_1.8.0/Demonstrations/Src/usbd_conf.c:133: multiple definition of `HAL_PCD_SOFCallback'; ./Application/User/usbd_conf.o:C:/ST/workspace_1.8.0/Demonstrations/Src/usbd_conf.c:133: first defined here
c:\st\stm32cubeide_1.8.0\stm32cubeide\plugins\com.st.stm32cube.ide.mcu.externaltools.gnu-tools-for-stm32.9-2020-q2-update.win32_2.0.0.202105311346\tools\arm-none-eabi\bin\ld.exe: ./Src/usbd_conf.o: in function `HAL_PCD_ResetCallback':
C:/ST/workspace_1.8.0/Demonstrations/Src/usbd_conf.c:142: multiple definition of `HAL_PCD_ResetCallback'; ./Application/User/usbd_conf.o:C:/ST/workspace_1.8.0/Demonstrations/Src/usbd_conf.c:142: first defined here
c:\st\stm32cubeide_1.8.0\stm32cubeide\plugins\com.st.stm32cube.ide.mcu.externaltools.gnu-tools-for-stm32.9-2020-q2-update.win32_2.0.0.202105311346\tools\arm-none-eabi\bin\ld.exe: ./Src/usbd_conf.o: in function `HAL_PCD_SuspendCallback':
C:/ST/workspace_1.8.0/Demonstrations/Src/usbd_conf.c:173: multiple definition of `HAL_PCD_SuspendCallback'; ./Application/User/usbd_conf.o:C:/ST/workspace_1.8.0/Demonstrations/Src/usbd_conf.c:173: first defined here
c:\st\stm32cubeide_1.8.0\stm32cubeide\plugins\com.st.stm32cube.ide.mcu.externaltools.gnu-tools-for-stm32.9-2020-q2-update.win32_2.0.0.202105311346\tools\arm-none-eabi\bin\ld.exe: ./Src/usbd_conf.o: in function `HAL_PCD_ResumeCallback':
C:/ST/workspace_1.8.0/Demonstrations/Src/usbd_conf.c:183: multiple definition of `HAL_PCD_ResumeCallback'; ./Application/User/usbd_conf.o:C:/ST/workspace_1.8.0/Demonstrations/Src/usbd_conf.c:183: first defined here
c:\st\stm32cubeide_1.8.0\stm32cubeide\plugins\com.st.stm32cube.ide.mcu.externaltools.gnu-tools-for-stm32.9-2020-q2-update.win32_2.0.0.202105311346\tools\arm-none-eabi\bin\ld.exe: ./Src/usbd_conf.o: in function `HAL_PCD_ISOOUTIncompleteCallback':
C:/ST/workspace_1.8.0/Demonstrations/Src/usbd_conf.c:193: multiple definition of `HAL_PCD_ISOOUTIncompleteCallback'; ./Application/User/usbd_conf.o:C:/ST/workspace_1.8.0/Demonstrations/Src/usbd_conf.c:193: first defined here
c:\st\stm32cubeide_1.8.0\stm32cubeide\plugins\com.st.stm32cube.ide.mcu.externaltools.gnu-tools-for-stm32.9-2020-q2-update.win32_2.0.0.202105311346\tools\arm-none-eabi\bin\ld.exe: ./Src/usbd_conf.o: in function `HAL_PCD_ISOINIncompleteCallback':
C:/ST/workspace_1.8.0/Demonstrations/Src/usbd_conf.c:203: multiple definition of `HAL_PCD_ISOINIncompleteCallback'; ./Application/User/usbd_conf.o:C:/ST/workspace_1.8.0/Demonstrations/Src/usbd_conf.c:203: first defined here
c:\st\stm32cubeide_1.8.0\stm32cubeide\plugins\com.st.stm32cube.ide.mcu.externaltools.gnu-tools-for-stm32.9-2020-q2-update.win32_2.0.0.202105311346\tools\arm-none-eabi\bin\ld.exe: ./Src/usbd_conf.o: in function `HAL_PCD_ConnectCallback':
C:/ST/workspace_1.8.0/Demonstrations/Src/usbd_conf.c:213: multiple definition of `HAL_PCD_ConnectCallback'; ./Application/User/usbd_conf.o:C:/ST/workspace_1.8.0/Demonstrations/Src/usbd_conf.c:213: first defined here
c:\st\stm32cubeide_1.8.0\stm32cubeide\plugins\com.st.stm32cube.ide.mcu.externaltools.gnu-tools-for-stm32.9-2020-q2-update.win32_2.0.0.202105311346\tools\arm-none-eabi\bin\ld.exe: ./Src/usbd_conf.o: in function `HAL_PCD_DisconnectCallback':
C:/ST/workspace_1.8.0/Demonstrations/Src/usbd_conf.c:223: multiple definition of `HAL_PCD_DisconnectCallback'; ./Application/User/usbd_conf.o:C:/ST/workspace_1.8.0/Demonstrations/Src/usbd_conf.c:223: first defined here
c:\st\stm32cubeide_1.8.0\stm32cubeide\plugins\com.st.stm32cube.ide.mcu.externaltools.gnu-tools-for-stm32.9-2020-q2-update.win32_2.0.0.202105311346\tools\arm-none-eabi\bin\ld.exe: ./Src/usbd_conf.o: in function `__NVIC_SetPriority':
C:/ST/workspace_1.8.0/Demonstrations/SW4STM32/STM32F4-DISCO/Debug/../../../Drivers/CMSIS/Include/core_cm4.h:1824: multiple definition of `USBD_LL_Init'; ./Application/User/usbd_conf.o:C:/ST/workspace_1.8.0/Demonstrations/SW4STM32/STM32F4-DISCO/Debug/../../../Drivers/CMSIS/Include/core_cm4.h:1824: first defined here
c:\st\stm32cubeide_1.8.0\stm32cubeide\plugins\com.st.stm32cube.ide.mcu.externaltools.gnu-tools-for-stm32.9-2020-q2-update.win32_2.0.0.202105311346\tools\arm-none-eabi\bin\ld.exe: ./Src/usbd_conf.o: in function `USBD_LL_DeInit':
C:/ST/workspace_1.8.0/Demonstrations/Src/usbd_conf.c:270: multiple definition of `USBD_LL_DeInit'; ./Application/User/usbd_conf.o:C:/ST/workspace_1.8.0/Demonstrations/Src/usbd_conf.c:270: first defined here
c:\st\stm32cubeide_1.8.0\stm32cubeide\plugins\com.st.stm32cube.ide.mcu.externaltools.gnu-tools-for-stm32.9-2020-q2-update.win32_2.0.0.202105311346\tools\arm-none-eabi\bin\ld.exe: ./Src/usbd_conf.o: in function `USBD_LL_Start':
C:/ST/workspace_1.8.0/Demonstrations/Src/usbd_conf.c:282: multiple definition of `USBD_LL_Start'; ./Application/User/usbd_conf.o:C:/ST/workspace_1.8.0/Demonstrations/Src/usbd_conf.c:282: first defined here
c:\st\stm32cubeide_1.8.0\stm32cubeide\plugins\com.st.stm32cube.ide.mcu.externaltools.gnu-tools-for-stm32.9-2020-q2-update.win32_2.0.0.202105311346\tools\arm-none-eabi\bin\ld.exe: ./Src/usbd_conf.o: in function `USBD_LL_Stop':
C:/ST/workspace_1.8.0/Demonstrations/Src/usbd_conf.c:294: multiple definition of `USBD_LL_Stop'; ./Application/User/usbd_conf.o:C:/ST/workspace_1.8.0/Demonstrations/Src/usbd_conf.c:294: first defined here
c:\st\stm32cubeide_1.8.0\stm32cubeide\plugins\com.st.stm32cube.ide.mcu.externaltools.gnu-tools-for-stm32.9-2020-q2-update.win32_2.0.0.202105311346\tools\arm-none-eabi\bin\ld.exe: ./Src/usbd_conf.o: in function `USBD_LL_OpenEP':
C:/ST/workspace_1.8.0/Demonstrations/Src/usbd_conf.c:312: multiple definition of `USBD_LL_OpenEP'; ./Application/User/usbd_conf.o:C:/ST/workspace_1.8.0/Demonstrations/Src/usbd_conf.c:312: first defined here
c:\st\stm32cubeide_1.8.0\stm32cubeide\plugins\com.st.stm32cube.ide.mcu.externaltools.gnu-tools-for-stm32.9-2020-q2-update.win32_2.0.0.202105311346\tools\arm-none-eabi\bin\ld.exe: ./Src/usbd_conf.o: in function `USBD_LL_CloseEP':
C:/ST/workspace_1.8.0/Demonstrations/Src/usbd_conf.c:330: multiple definition of `USBD_LL_CloseEP'; ./Application/User/usbd_conf.o:C:/ST/workspace_1.8.0/Demonstrations/Src/usbd_conf.c:330: first defined here
c:\st\stm32cubeide_1.8.0\stm32cubeide\plugins\com.st.stm32cube.ide.mcu.externaltools.gnu-tools-for-stm32.9-2020-q2-update.win32_2.0.0.202105311346\tools\arm-none-eabi\bin\ld.exe: ./Src/usbd_conf.o: in function `USBD_LL_FlushEP':
C:/ST/workspace_1.8.0/Demonstrations/Src/usbd_conf.c:343: multiple definition of `USBD_LL_FlushEP'; ./Application/User/usbd_conf.o:C:/ST/workspace_1.8.0/Demonstrations/Src/usbd_conf.c:343: first defined here
c:\st\stm32cubeide_1.8.0\stm32cubeide\plugins\com.st.stm32cube.ide.mcu.externaltools.gnu-tools-for-stm32.9-2020-q2-update.win32_2.0.0.202105311346\tools\arm-none-eabi\bin\ld.exe: ./Src/usbd_conf.o: in function `USBD_LL_StallEP':
C:/ST/workspace_1.8.0/Demonstrations/Src/usbd_conf.c:356: multiple definition of `USBD_LL_StallEP'; ./Application/User/usbd_conf.o:C:/ST/workspace_1.8.0/Demonstrations/Src/usbd_conf.c:356: first defined here
c:\st\stm32cubeide_1.8.0\stm32cubeide\plugins\com.st.stm32cube.ide.mcu.externaltools.gnu-tools-for-stm32.9-2020-q2-update.win32_2.0.0.202105311346\tools\arm-none-eabi\bin\ld.exe: ./Src/usbd_conf.o: in function `USBD_LL_ClearStallEP':
C:/ST/workspace_1.8.0/Demonstrations/Src/usbd_conf.c:369: multiple definition of `USBD_LL_ClearStallEP'; ./Application/User/usbd_conf.o:C:/ST/workspace_1.8.0/Demonstrations/Src/usbd_conf.c:369: first defined here
c:\st\stm32cubeide_1.8.0\stm32cubeide\plugins\com.st.stm32cube.ide.mcu.externaltools.gnu-tools-for-stm32.9-2020-q2-update.win32_2.0.0.202105311346\tools\arm-none-eabi\bin\ld.exe: ./Src/usbd_conf.o: in function `USBD_LL_IsStallEP':
C:/ST/workspace_1.8.0/Demonstrations/Src/usbd_conf.c:385: multiple definition of `USBD_LL_IsStallEP'; ./Application/User/usbd_conf.o:C:/ST/workspace_1.8.0/Demonstrations/Src/usbd_conf.c:385: first defined here
c:\st\stm32cubeide_1.8.0\stm32cubeide\plugins\com.st.stm32cube.ide.mcu.externaltools.gnu-tools-for-stm32.9-2020-q2-update.win32_2.0.0.202105311346\tools\arm-none-eabi\bin\ld.exe: ./Src/usbd_conf.o: in function `USBD_LL_SetUSBAddress':
C:/ST/workspace_1.8.0/Demonstrations/Src/usbd_conf.c:402: multiple definition of `USBD_LL_SetUSBAddress'; ./Application/User/usbd_conf.o:C:/ST/workspace_1.8.0/Demonstrations/Src/usbd_conf.c:402: first defined here
c:\st\stm32cubeide_1.8.0\stm32cubeide\plugins\com.st.stm32cube.ide.mcu.externaltools.gnu-tools-for-stm32.9-2020-q2-update.win32_2.0.0.202105311346\tools\arm-none-eabi\bin\ld.exe: ./Src/usbd_conf.o: in function `USBD_LL_Transmit':
C:/ST/workspace_1.8.0/Demonstrations/Src/usbd_conf.c:420: multiple definition of `USBD_LL_Transmit'; ./Application/User/usbd_conf.o:C:/ST/workspace_1.8.0/Demonstrations/Src/usbd_conf.c:420: first defined here
c:\st\stm32cubeide_1.8.0\stm32cubeide\plugins\com.st.stm32cube.ide.mcu.externaltools.gnu-tools-for-stm32.9-2020-q2-update.win32_2.0.0.202105311346\tools\arm-none-eabi\bin\ld.exe: ./Src/usbd_conf.o: in function `USBD_LL_PrepareReceive':
C:/ST/workspace_1.8.0/Demonstrations/Src/usbd_conf.c:438: multiple definition of `USBD_LL_PrepareReceive'; ./Application/User/usbd_conf.o:C:/ST/workspace_1.8.0/Demonstrations/Src/usbd_conf.c:438: first defined here
c:\st\stm32cubeide_1.8.0\stm32cubeide\plugins\com.st.stm32cube.ide.mcu.externaltools.gnu-tools-for-stm32.9-2020-q2-update.win32_2.0.0.202105311346\tools\arm-none-eabi\bin\ld.exe: ./Src/usbd_conf.o: in function `USBD_LL_GetRxDataSize':
C:/ST/workspace_1.8.0/Demonstrations/Src/usbd_conf.c:453: multiple definition of `USBD_LL_GetRxDataSize'; ./Application/User/usbd_conf.o:C:/ST/workspace_1.8.0/Demonstrations/Src/usbd_conf.c:453: first defined here
c:\st\stm32cubeide_1.8.0\stm32cubeide\plugins\com.st.stm32cube.ide.mcu.externaltools.gnu-tools-for-stm32.9-2020-q2-update.win32_2.0.0.202105311346\tools\arm-none-eabi\bin\ld.exe: ./Src/usbd_conf.o: in function `USBD_LL_Delay':
C:/ST/workspace_1.8.0/Demonstrations/Src/usbd_conf.c:464: multiple definition of `USBD_LL_Delay'; ./Application/User/usbd_conf.o:C:/ST/workspace_1.8.0/Demonstrations/Src/usbd_conf.c:464: first defined here
c:\st\stm32cubeide_1.8.0\stm32cubeide\plugins\com.st.stm32cube.ide.mcu.externaltools.gnu-tools-for-stm32.9-2020-q2-update.win32_2.0.0.202105311346\tools\arm-none-eabi\bin\ld.exe: ./Src/usbd_desc.o: in function `USBD_HID_DeviceDescriptor':
C:/ST/workspace_1.8.0/Demonstrations/Src/usbd_desc.c:167: multiple definition of `USBD_HID_DeviceDescriptor'; ./Application/User/usbd_desc.o:C:/ST/workspace_1.8.0/Demonstrations/Src/usbd_desc.c:167: first defined here
c:\st\stm32cubeide_1.8.0\stm32cubeide\plugins\com.st.stm32cube.ide.mcu.externaltools.gnu-tools-for-stm32.9-2020-q2-update.win32_2.0.0.202105311346\tools\arm-none-eabi\bin\ld.exe: ./Src/usbd_desc.o: in function `USBD_HID_LangIDStrDescriptor':
C:/ST/workspace_1.8.0/Demonstrations/Src/usbd_desc.c:180: multiple definition of `USBD_HID_LangIDStrDescriptor'; ./Application/User/usbd_desc.o:C:/ST/workspace_1.8.0/Demonstrations/Src/usbd_desc.c:180: first defined here
c:\st\stm32cubeide_1.8.0\stm32cubeide\plugins\com.st.stm32cube.ide.mcu.externaltools.gnu-tools-for-stm32.9-2020-q2-update.win32_2.0.0.202105311346\tools\arm-none-eabi\bin\ld.exe: ./Src/usbd_desc.o: in function `USBD_HID_ManufacturerStrDescriptor':
C:/ST/workspace_1.8.0/Demonstrations/Src/usbd_desc.c:213: multiple definition of `USBD_HID_ManufacturerStrDescriptor'; ./Application/User/usbd_desc.o:C:/ST/workspace_1.8.0/Demonstrations/Src/usbd_desc.c:213: first defined here
c:\st\stm32cubeide_1.8.0\stm32cubeide\plugins\com.st.stm32cube.ide.mcu.externaltools.gnu-tools-for-stm32.9-2020-q2-update.win32_2.0.0.202105311346\tools\arm-none-eabi\bin\ld.exe: ./Src/usbd_desc.o: in function `USBD_HID_ProductStrDescriptor':
C:/ST/workspace_1.8.0/Demonstrations/Src/usbd_desc.c:193: multiple definition of `USBD_HID_ProductStrDescriptor'; ./Application/User/usbd_desc.o:C:/ST/workspace_1.8.0/Demonstrations/Src/usbd_desc.c:193: first defined here
c:\st\stm32cubeide_1.8.0\stm32cubeide\plugins\com.st.stm32cube.ide.mcu.externaltools.gnu-tools-for-stm32.9-2020-q2-update.win32_2.0.0.202105311346\tools\arm-none-eabi\bin\ld.exe: ./Src/usbd_desc.o: in function `USBD_HID_SerialStrDescriptor':
C:/ST/workspace_1.8.0/Demonstrations/Src/usbd_desc.c:226: multiple definition of `USBD_HID_SerialStrDescriptor'; ./Application/User/usbd_desc.o:C:/ST/workspace_1.8.0/Demonstrations/Src/usbd_desc.c:226: first defined here
c:\st\stm32cubeide_1.8.0\stm32cubeide\plugins\com.st.stm32cube.ide.mcu.externaltools.gnu-tools-for-stm32.9-2020-q2-update.win32_2.0.0.202105311346\tools\arm-none-eabi\bin\ld.exe: ./Src/usbd_desc.o: in function `USBD_HID_ConfigStrDescriptor':
C:/ST/workspace_1.8.0/Demonstrations/Src/usbd_desc.c:246: multiple definition of `USBD_HID_ConfigStrDescriptor'; ./Application/User/usbd_desc.o:C:/ST/workspace_1.8.0/Demonstrations/Src/usbd_desc.c:246: first defined here
c:\st\stm32cubeide_1.8.0\stm32cubeide\plugins\com.st.stm32cube.ide.mcu.externaltools.gnu-tools-for-stm32.9-2020-q2-update.win32_2.0.0.202105311346\tools\arm-none-eabi\bin\ld.exe: ./Src/usbd_desc.o: in function `USBD_HID_InterfaceStrDescriptor':
C:/ST/workspace_1.8.0/Demonstrations/Src/usbd_desc.c:267: multiple definition of `USBD_HID_InterfaceStrDescriptor'; ./Application/User/usbd_desc.o:C:/ST/workspace_1.8.0/Demonstrations/Src/usbd_desc.c:267: first defined here
c:\st\stm32cubeide_1.8.0\stm32cubeide\plugins\com.st.stm32cube.ide.mcu.externaltools.gnu-tools-for-stm32.9-2020-q2-update.win32_2.0.0.202105311346\tools\arm-none-eabi\bin\ld.exe: ./Src/usbd_desc.o:C:/ST/workspace_1.8.0/Demonstrations/Src/usbd_desc.c:129: multiple definition of `USBD_LangIDDesc'; ./Application/User/usbd_desc.o:C:/ST/workspace_1.8.0/Demonstrations/Src/usbd_desc.c:129: first defined here
c:\st\stm32cubeide_1.8.0\stm32cubeide\plugins\com.st.stm32cube.ide.mcu.externaltools.gnu-tools-for-stm32.9-2020-q2-update.win32_2.0.0.202105311346\tools\arm-none-eabi\bin\ld.exe: ./Src/usbd_desc.o:C:/ST/workspace_1.8.0/Demonstrations/Src/usbd_desc.c:103: multiple definition of `hUSBDDeviceDesc'; ./Application/User/usbd_desc.o:C:/ST/workspace_1.8.0/Demonstrations/Src/usbd_desc.c:103: first defined here
c:\st\stm32cubeide_1.8.0\stm32cubeide\plugins\com.st.stm32cube.ide.mcu.externaltools.gnu-tools-for-stm32.9-2020-q2-update.win32_2.0.0.202105311346\tools\arm-none-eabi\bin\ld.exe: ./Src/usbd_desc.o:(.data+0x18): multiple definition of `HID_Desc'; ./Application/User/usbd_desc.o:(.data+0x18): first defined here
collect2.exe: error: ld returned 1 exit status
make: *** [makefile:70: Demonstrations.elf] Error 1
"make all" terminated with exit code 2. Build might be incomplete.

11:32:37 Build Failed. 118 errors, 0 warnings. (took 8s.618ms)

